 ****** PrimeSim HSPICE -- R-2020.12-SP2 linux64 (May 24 2021 7074677) ******
  Copyright (c) 1986 - 2022 by Synopsys, Inc. All Rights Reserved.
  This software and the associated documentation are proprietary
  to Synopsys, Inc. This software may only be used in accordance
  with the terms and conditions of a written license agreement with
  Synopsys, Inc. All other use, reproduction, or distribution of
  this software is strictly prohibited.
  Input File: hw3_part2.sp                                                      
  Command line options: /usr/cadtool/cad/synopsys/hspice/2020.12-sp2/hspice/linux64/hspice -i hw3_part2.sp -o hw3_part2.lis
  Start time: Wed Jan  5 13:17:20 2022
 lic:  
 lic: FLEXlm: SDK_12.9.5 
 lic: USER:   u108061217           HOSTNAME: ws35 
 lic: HOSTID: "e41f136676d0"       PID:      15185 
 lic: Using FLEXlm license file: 
 lic: 26585@lsntu 
 lic: Checkout 1 hspice 
 lic: License/Maintenance for hspice will expire on 14-may-2022/2020.03 
 lic: 142(in_use)/190(total) FLOATING license(s) on SERVER 26585@lsntu 
 lic:   
  **warning** (hw3_part2.spi:18) Parameter name is not defined in .param. Please enter parameter variable with their respective value/expression.
  **warning** option measfile is disabled due to no .alter in the netlist
1****** PrimeSim HSPICE -- R-2020.12-SP2 linux64 (May 24 2021 7074677) ******
 ******  
 *title

 ****** circuit name directory
 circuit number to circuit name directory
   number circuitname                     definition         multiplier
        0 main circuit
        1 x1.                             hw3_part2          1.00 
        2 x1.xi6.                         tri_state          1.00 
        3 x1.xi5.                         tri_state          1.00 
        4 x1.xi4.                         inverter           1.00 
        5 x1.xi3.                         inverter           1.00 
        6 x1.xi2.                         inverter           1.00 
        7 x1.xi1.                         inverter           1.00 
        8 x1.xi0.                         inverter           1.00 
  **warning** (hw3_part2.sp:18) Both nodes of element v2 are connected together; Line ignored.
  **info** (hw3_part2.sp:14) DC voltage reset to initial transient source value in source 0:v_clk. new dc=0.1800D+01
 

  
      
 **info** set option symb=1 internally to help for convergence.
 *****************************************************************
 ******  option summary
 ******
 runlvl  = 3         bypass  = 2.0000    
  Opening plot unit= 15
 file=hw3_part2.pa0

 **info** dc convergence successful at Newton-Raphson method 
 ******  
 *title

 ****** operating point information tnom=  25.000 temp=  25.000 ******
 ****** operating point status is voltage   simulation time is     0.     
    node    =voltage      node    =voltage      node    =voltage

 +0:!clk    =   1.8000  0:!q      = 844.1045m 0:clk     =   0.     
 +0:d       =   0.      0:q       =   1.2570  0:vdd     =   1.8000 
 +1:net1    = 844.1045m 1:net13   =   1.8000  1:net14   =  26.7145n
 +1:net18   =   1.8000  1:net5    = 873.3366m 2:net12   =   1.7177 
 +2:net5    =  53.6127m 3:net12   =   1.8000  3:net5    =  60.1938m

 ******
 *title

 ****** transient analysis tnom=  25.000 temp=  25.000 ******
 setuptime= 160.0000p  targ=  10.0050n   trig=   9.8450n
 holdtime= 391.0000p  targ=  10.3960n   trig=  10.0050n
 tpsq= 154.6989p  targ=  10.1597n   trig=  10.0050n
 v_max=   1.8016     at=  15.0050n
             from=  10.0000n    to=  20.0000n

          ***** job concluded
 ******  
 *title

 ****** job statistics summary tnom=  25.000 temp=  25.000 ******
  
 ******  Machine Information  ******
 CPU:
 model name	: Intel(R) Xeon(R) CPU           E5530  @ 2.40GHz
 cpu MHz	: 1596.000
 CPU(s)		: 16
  
 OS:
 Linux version 3.10.0-1160.36.2.el7.x86_64 (mockbuild@kbuilder.bsys.centos.org) (gcc version 4.8.5 20150623 (Red Hat 4.8.5-44) (GCC) ) #1 SMP Wed Jul 21 11:57:15 UTC 2021

 System loadavg : 0.25 0.15 0.14 4/815 15189


  ******  PrimeSim HSPICE Threads Information  ******

  Command Line Threads Count :     1
  Available CPU Count        :    16
  Actual Threads Count       :     1


  ****** Statistics of Ignored Elements ******
  Voltage Sources :       1

  ******  Circuit Statistics  ******
  # nodes       =      60 # elements   =      26
  # resistors   =       0 # capacitors =       0 # inductors   =       0
  # mutual_inds =       0 # vccs       =       0 # vcvs        =       0
  # cccs        =       0 # ccvs       =       0 # volt_srcs   =       4
  # curr_srcs   =       0 # diodes     =       0 # bjts        =       0
  # jfets       =       0 # mosfets    =      22 # U elements  =       0
  # T elements  =       0 # W elements =       0 # B elements  =       0
  # S elements  =       0 # P elements =       0 # va device   =       0
  # vector_srcs =       0 # N elements =       0


  ******  Runtime Statistics (seconds)  ******

  analysis           time    # points   tot. iter  conv.iter
  op point           0.01           1           8
  transient          0.11     5000001        1430         597 rev=        27
  readin             0.02
  errchk             0.00
  setup              0.00
  output             0.00


           peak memory used        470.89 megabytes
           total cpu time            0.14 seconds
           total elapsed time        0.72 seconds
           job started at     13:17:20 01/05/2022
           job ended   at     13:17:21 01/05/2022
           job total runtime         0.72 seconds


 lic: Release hspice token(s) 
 lic: total license checkout elapse time:        0.57(s)
