 ****** PrimeSim HSPICE -- R-2020.12-SP2 linux64 (May 24 2021 7074677) ******
  Copyright (c) 1986 - 2021 by Synopsys, Inc. All Rights Reserved.
  This software and the associated documentation are proprietary
  to Synopsys, Inc. This software may only be used in accordance
  with the terms and conditions of a written license agreement with
  Synopsys, Inc. All other use, reproduction, or distribution of
  this software is strictly prohibited.
  Input File: part2.sp                                                          
  Command line options: /usr/cadtool/cad/synopsys/hspice/2020.12-sp2/hspice/linux64/hspice -i part2.sp -o part2.lis
  Start time: Wed Nov 10 14:08:54 2021
 lic:  
 lic: FLEXlm: SDK_12.9.5 
 lic: USER:   u108061217           HOSTNAME: ws35 
 lic: HOSTID: "e41f136676d0"       PID:      6103 
 lic: Using FLEXlm license file: 
 lic: 26585@lsntu 
 lic: Checkout 1 hspice 
 lic: License/Maintenance for hspice will expire on 14-may-2022/2020.03 
 lic: 146(in_use)/190(total) FLOATING license(s) on SERVER 26585@lsntu 
 lic:   
  **warning** option measfile is disabled due to no .alter in the netlist
1****** PrimeSim HSPICE -- R-2020.12-SP2 linux64 (May 24 2021 7074677) ******
 ******  
 *title

 ****** circuit name directory
 circuit number to circuit name directory
   number circuitname                     definition         multiplier
        0 main circuit
        1 x1.                             inv_1              1.00 
        2 x2.                             inv_2              1.00 
        3 x3.                             inv_3              1.00 
        4 x4.                             inv_4              1.00 
        5 x5.                             inv_5              1.00 
  **warning** (part2.sp:15) Both nodes of element v2 are connected together; Line ignored.
  **info** (part2.sp:10) DC voltage reset to initial transient source value in source 0:vvin. new dc=0.0000D+00
 

  
  **warning** No connections on node wn; Node ignored.
      
 **info** set option symb=1 internally to help for convergence.
 *****************************************************************
 ******  option summary
 ******
 runlvl  = 3         bypass  = 2.0000    
  Opening plot unit= 15
 file=part2.pa0

 **info** dc convergence successful at Newton-Raphson method 
 ******  
 *title

 ****** operating point information tnom=  25.000 temp=  25.000 ******
 ****** operating point status is voltage   simulation time is     0.     
    node    =voltage      node    =voltage      node    =voltage

 +0:vdd     =   1.8000  0:vin     =   0.      0:vout1   =   1.8000 
 +0:vout2   =  15.4927n 0:vout3   =   1.8000  0:vout4   =  15.4927n
 +0:vout5   =   1.8000  0:wn      =   0.      0:wp      =   0.     


 maximum nodal capacitance=   1.025E-11         on node     0:vout5           

    nodal  capacitance table 

    node    =    cap      node    =    cap      node    =    cap

 +0:vdd     = 408.0349f 0:vin     =   4.7128f 0:vout1   =   9.6166f
 +0:vout2   =   8.2950f 0:vout3   =  22.5840f 0:vout4   = 215.0043f
 +0:vout5   =  10.2504p 0:wn      =   0.      0:wp      =   0.     

 
 ******
 *title

 ****** transient analysis tnom=  25.000 temp=  25.000 ******
 delaytimehl=  84.4077p  targ= 584.4077p   trig= 500.0000p
 delaytimelh=  89.8491p  targ=   5.5898n   trig=   5.5000n
 delay1=  87.1284p
 delaytimelh2= 130.1653p  targ= 630.1653p   trig= 500.0000p
 delaytimehl2= 135.3982p  targ=   5.6354n   trig=   5.5000n
 delay2= 132.7818p
 delaytimelh3= 212.6491p  targ= 712.6491p   trig= 500.0000p
 delaytimehl3= 212.6063p  targ=   5.7126n   trig=   5.5000n
 delay3= 212.6277p
 delaytimelh4= 353.9008p  targ= 853.9008p   trig= 500.0000p
 delaytimehl4= 371.7567p  targ=   5.8718n   trig=   5.5000n
 delay4= 362.8288p
 delaytimelh5= 720.7136p  targ=   1.2207n   trig= 500.0000p
 delaytimehl5=   1.0737n  targ=   6.5737n   trig=   5.5000n
 delay5= 897.2248p

          ***** job concluded
 ******  
 *title

 ****** job statistics summary tnom=  25.000 temp=  25.000 ******
  
 ******  Machine Information  ******
 CPU:
 model name	: Intel(R) Xeon(R) CPU           E5530  @ 2.40GHz
 cpu MHz	: 2394.000
 CPU(s)		: 16
  
 OS:
 Linux version 3.10.0-1160.36.2.el7.x86_64 (mockbuild@kbuilder.bsys.centos.org) (gcc version 4.8.5 20150623 (Red Hat 4.8.5-44) (GCC) ) #1 SMP Wed Jul 21 11:57:15 UTC 2021

 System loadavg : 1.52 1.27 1.18 4/706 6114


  ******  PrimeSim HSPICE Threads Information  ******

  Command Line Threads Count :     1
  Available CPU Count        :    16
  Actual Threads Count       :     1


  ****** Statistics of Ignored Elements ******
  Voltage Sources :       1

  ******  Circuit Statistics  ******
  # nodes       =      30 # elements   =      15
  # resistors   =       2 # capacitors =       1 # inductors   =       0
  # mutual_inds =       0 # vccs       =       0 # vcvs        =       0
  # cccs        =       0 # ccvs       =       0 # volt_srcs   =       2
  # curr_srcs   =       0 # diodes     =       0 # bjts        =       0
  # jfets       =       0 # mosfets    =      10 # U elements  =       0
  # T elements  =       0 # W elements =       0 # B elements  =       0
  # S elements  =       0 # P elements =       0 # va device   =       0
  # vector_srcs =       0 # N elements =       0


  ******  Runtime Statistics (seconds)  ******

  analysis           time    # points   tot. iter  conv.iter
  op point           0.00           1           4
  transient          0.05       30001         738         290 rev=         9
  readin             0.03
  errchk             0.01
  setup              0.00
  output             0.00


           peak memory used        470.91 megabytes
           total cpu time            0.09 seconds
           total elapsed time        0.87 seconds
           job started at     14:08:54 11/10/2021
           job ended   at     14:08:55 11/10/2021
           job total runtime         0.87 seconds


 lic: Release hspice token(s) 
 lic: total license checkout elapse time:        0.77(s)
