### Custom WaveView ADV log file, revision N-2017.12 (build Nov 23, ) ###
### created at 21:10:20 on Sat Oct 23 2021 (Linux AMD64) ###
### Host Name: ws35   User ID: u108061217   PID: 14160   ###
wv_start_log
# (0) running in waveview only mode
# (0) SW_SX_PERL_LIB defined
# (0) SW_SX_TCL_LIB defined
# (0) HOME defined
wv_resize_window {Custom WaveView} 800 460
wv_move_window {Custom WaveView} {} 185 78
wv_select_window {Custom WaveView} 
wv_move_window {Custom WaveView} {} 62 19
wv_select_window {Custom WaveView} 
wv_press_tool_button {Custom WaveView} {} {OpenWaveform0} 
wv_select_dialog {FileDialog} 
wv_select_list_item {FileDialog} {} {FileList} {part1} 2
wv_dclick_list_item {FileDialog} {} {FileList} {part1} 2
wv_select_list_item {FileDialog} {} {FileList} {part1.tr0} 11
wv_dclick_list_item {FileDialog} {} {FileList} {part1.tr0} 11
wv_expand_tree_item {Custom WaveView} {} {hierview} {D0:part1.tr0(0)} {+sep=@}
wv_collapse_tree_item {Custom WaveView} {} {hierview} {D0:part1.tr0(0)} {+sep=@}
wv_expand_tree_item {Custom WaveView} {} {hierview} {D0:part1.tr0(0)} {+sep=@}
wv_select_tree_item {Custom WaveView} {} {hierview} {D0:part1.tr0(0)@toplevel(0)} {0} {+sep=@}
wv_select_window {Custom WaveView} 
wv_select_list_item {Custom WaveView} {} {sigview} {v(vout)} 6
wv_dclick_list_item {Custom WaveView} {} {sigview} {v(vout)} 6
wv_press_tool_button {Custom WaveView} {} {PanelXVariable0} 
wv_move_window {SetXVariable} {} 757 500
wv_select_dialog {SetXVariable} 
wv_set_check {SetXVariable} {} {UseDefaultXVariable} 0
wv_select_window {Custom WaveView} 
wv_select_list_item {Custom WaveView} {} {sigview} {v(vin)} 5
wv_select_dialog {SetXVariable} 
wv_select_window {Custom WaveView} 
wv_select_dialog {SetXVariable} 
wv_select_window {Custom WaveView} 
wv_select_list_item {Custom WaveView} {} {sigview} {v(vin)} 5
wv_drag_list_item {Custom WaveView} {} {sigview} {v(wp)} 8
wv_drag_enter WV1
wv_drop_on WV1
wv_select_dialog {SetXVariable} 
wv_select_window {Custom WaveView} 
wv_resize_browser {Custom WaveView} {} {WV.Browser} 250 761
wv_resize_browser {Custom WaveView} {} {waveview 1:1} 1392 735
wv_resize_window {Custom WaveView} 1652 904
wv_select_waveview 1 {waveview 1}
wv_waveview_context_menu WV1.PANEL2:1.LEGEND
wv_select_waveview 1 {waveview 1}
wv_waveview_context_menu WV1.PANEL1:1.LEGEND
wv_select_waveview 1 {waveview 1}
wv_select_menu_item {Custom WaveView} {waveview 1:1} {PanelPopMenu.Delete} 
wv_select_dialog {Confirmation} 
wv_press_button {Confirmation} {} {Ok} 
wv_move_window {SetXVariable} {} 717 650
wv_move_window {SetXVariable} {} 685 716
wv_move_window {SetXVariable} {} 671 747
wv_move_window {SetXVariable} {} 666 767
wv_move_window {SetXVariable} {} 666 776
wv_move_window {SetXVariable} {} 632 851
wv_move_window {SetXVariable} {} 626 866
wv_select_window {Custom WaveView} 
wv_select_list_item {Custom WaveView} {} {sigview} {v(vin)} 5
wv_select_list_item {Custom WaveView} {} {sigview} {v(vin)} 5
wv_drag_list_item {Custom WaveView} {} {sigview} {v(vin)} 5
wv_drag_enter WV1
wv_drag_to WV1 280 660
wv_drag_leave WV1
#Drop text "0|v(vin)" to line edit "":"".
wv_set_text {SetXVariable} {} {XVariable} {0|v(vin)}
#Drop end.
wv_select_dialog {SetXVariable} 
wv_press_button {SetXVariable} {} {Apply} 
wv_press_button {SetXVariable} {} {Cancel} 
wv_select_window {Custom WaveView} 
wv_select_waveview 1 {waveview 1}
wv_waveview_context_menu WV1.TAB
wv_select_waveview 1 {waveview 1}
wv_select_menu_item {Custom WaveView} {waveview 1:1} {WaveViewPopMenu.Rename WaveView} 
wv_select_dialog {RenameWaveview} 
wv_close_dialog {RenameWaveview} 
wv_select_window {Custom WaveView} 
wv_select_waveview 1 {waveview 1}
wv_waveview_context_menu WV1.TAB
wv_tree_context_menu {Custom WaveView} {} {hierview} 81 4 {D0:part1.tr0(0)} {+sep=@}
wv_select_menu_item {Custom WaveView} {} {FileViewPopMenu.Update WDF} 
wv_tree_context_menu {Custom WaveView} {} {hierview} 91 12 {D0:part1.tr0(0)} {+sep=@}
wv_select_menu_item {Custom WaveView} {} {FileViewPopMenu.Close This File} 
wv_select_dialog {Confirmation} 
wv_press_button {Confirmation} {} {Ok} 
wv_press_tool_button {Custom WaveView} {} {OpenWaveformFile0} 
wv_select_list_item {FileDialog} {} {FileList} {part1.sw0} 10
wv_press_button {FileDialog} {} {Ok} 
wv_expand_tree_item {Custom WaveView} {} {hierview} {D0:part1.sw0(0)} {+sep=@}
wv_select_tree_item {Custom WaveView} {} {hierview} {D0:part1.sw0(0)@toplevel(0)} {0} {+sep=@}
wv_select_list_item {Custom WaveView} {} {sigview} {v(vout)} 6
wv_dclick_list_item {Custom WaveView} {} {sigview} {v(vout)} 6
wv_press_tool_button {Custom WaveView} {} {WaveformMeasurementTool0} 
wv_close_dialog {MeasurementTool} 
wv_select_window {Custom WaveView} 
wv_press_tool_button {Custom WaveView} {} {WaveformMeasurementTool0} 
wv_select_tree_item {MeasurementTool} {} {TypeList} {Time Domain.Slew Rate} {0} {+sep=.}
wv_resize_window {MeasurementTool} 672 606
wv_move_scrollbar {MeasurementTool} {} {TypeList.VScrollBar} {10}
wv_move_scrollbar {MeasurementTool} {} {TypeList.VScrollBar} {32}
wv_move_scrollbar {MeasurementTool} {} {TypeList.VScrollBar} {32}
wv_move_scrollbar {MeasurementTool} {} {TypeList.VScrollBar} {6}
wv_close_dialog {MeasurementTool} 
wv_select_window {Custom WaveView} 
wv_select_menu_item {Custom WaveView} {} {AxisCursor.Add Cursor} 
wv_select_waveview 1 {waveview 1}
wv_select_wv_item WV1.PANEL1:1.CURSORX1
wv_drag_item_to WV1 782 351
wv_move_wv_item WV1.PANEL1:1.CURSOR1 758 260
wv_select_waveview 1 {waveview 1}
wv_waveview_context_menu WV1.PANEL1:1.CURSOR1
wv_select_waveview 1 {waveview 1}
wv_select_menu_item {Custom WaveView} {waveview 1:1} {HairPopMenu.Delete} 
wv_resize_browser {Custom WaveView} {} {WV.Browser} 250 873
wv_resize_browser {Custom WaveView} {} {waveview 1:1} 1588 847
wv_resize_window {Custom WaveView} 1848 1016
wv_press_tool_button {Custom WaveView} {} {WaveformMeasurementTool0} 
wv_select_tree_item {MeasurementTool} {} {TypeList} {General.Data(X,Y)} {0} {+sep=.}
wv_move_window {MeasurementTool} {} 792 270
wv_move_window {MeasurementTool} {} 793 270
wv_select_window {Custom WaveView} 
wv_select_dialog {MeasurementTool} 
wv_set_check {MeasurementTool} {} {XLockedLevel} 1
wv_set_text {MeasurementTool} {} {XAtValue} "0.7422"
wv_set_text {MeasurementTool} {} {AtValue} "1.6994"
wv_press_button {MeasurementTool} {} {Ok} 
wv_select_window {Custom WaveView} 
wv_select_waveview 1 {waveview 1}
wv_select_wv_item WV1.MEAS1
wv_drag_item_to WV1 675 257
wv_move_wv_item WV1.MEAS1 544 80
wv_select_waveview 1 {waveview 1}
wv_waveview_context_menu WV1.MEAS1
wv_select_waveview 1 {waveview 1}
wv_select_menu_item {Custom WaveView} {waveview 1:1} {MeterPopMenu.Measure Results...} 
wv_select_dialog {MeasureResultsDialog} 
wv_close_dialog {MeasureResultsDialog} 
wv_select_window {Custom WaveView} 
wv_select_waveview 1 {waveview 1}
wv_waveview_context_menu WV1.MEAS1
wv_select_waveview 1 {waveview 1}
wv_select_menu_item {Custom WaveView} {waveview 1:1} {MeterPopMenu.Configure...} 
wv_select_window {Custom WaveView} 
wv_select_dialog {MeasurementTool} 
wv_press_button {MeasurementTool} {} {Ok} 
wv_select_window {Custom WaveView} 
wv_select_waveview 1 {waveview 1}
wv_select_wv_item WV1.MEAS1
wv_drag_item_to WV1 656 106
wv_move_wv_item WV1.MEAS1 640 100
wv_select_waveview 1 {waveview 1}
wv_select_wv_item WV1.MEAS1
wv_drag_item_to WV1 755 125
wv_move_wv_item WV1.MEAS1 566 86
wv_select_waveview 1 {waveview 1}
wv_waveview_context_menu WV1.MEAS1
wv_select_waveview 1 {waveview 1}
wv_select_menu_item {Custom WaveView} {waveview 1:1} {MeterPopMenu.Configure...} 
wv_press_button {MeasurementTool} {} {Ok} 
wv_select_window {Custom WaveView} 
wv_select_waveview 1 {waveview 1}
wv_waveview_context_menu WV1.MEAS1
wv_select_waveview 1 {waveview 1}
wv_select_menu_item {Custom WaveView} {waveview 1:1} {MeterPopMenu.Configure...} 
wv_select_window {Custom WaveView} 
wv_select_waveview 1 {waveview 1}
wv_waveview_context_menu WV1.MEAS1
wv_select_waveview 1 {waveview 1}
wv_select_menu_item {Custom WaveView} {waveview 1:1} {MeterPopMenu.Configure...} 
wv_set_check {MeasurementTool} {} {XLockedLevel} 0
wv_press_button {MeasurementTool} {} {Ok} 
wv_select_window {Custom WaveView} 
wv_select_waveview 1 {waveview 1}
wv_select_wv_item WV1.MEAS1
wv_drag_item_to WV1 606 89
wv_move_wv_item WV1.MEAS1 428 65
wv_press_tool_button {Custom WaveView} {} {UpdateWave0} 
wv_select_dialog {ReloadFiles} 
wv_press_button {ReloadFiles} {} {Yes} 
wv_select_waveview 1 {waveview 1}
wv_select_wv_item WV1.MEAS1
wv_drag_item_to WV1 490 83
wv_move_wv_item WV1.MEAS1 571 151
wv_select_waveview 1 {waveview 1}
wv_waveview_context_menu WV1.MEAS1
wv_select_waveview 1 {waveview 1}
wv_select_menu_item {Custom WaveView} {waveview 1:1} {MeterPopMenu.Configure...} 
wv_close_dialog {MeasurementTool} 
wv_select_window {Custom WaveView} 
wv_select_waveview 1 {waveview 1}
wv_waveview_context_menu WV1.MEAS1
wv_select_waveview 1 {waveview 1}
wv_select_menu_item {Custom WaveView} {waveview 1:1} {MeterPopMenu.Delete Measurement} 
wv_select_window {Custom WaveView} 
wv_select_menu_item {Custom WaveView} {} {AxisCursor.Add Cursor} 
wv_select_waveview 1 {waveview 1}
wv_waveview_context_menu WV1.PANEL1:1.CURSOR1
wv_select_waveview 1 {waveview 1}
wv_select_menu_item {Custom WaveView} {waveview 1:1} {HairPopMenu.Delete} 
wv_press_tool_button {Custom WaveView} {} {WaveformMeasurementTool0} 
wv_set_text {MeasurementTool} {} {AtValue} "1.6684"
wv_press_button {MeasurementTool} {} {Ok} 
wv_select_window {Custom WaveView} 
wv_select_waveview 1 {waveview 1}
wv_select_wv_item WV1.MEAS1
wv_drag_item_to WV1 678 259
wv_move_wv_item WV1.MEAS1 801 31
wv_select_waveview 1 {waveview 1}
wv_waveview_context_menu WV1.MEAS1
wv_select_waveview 1 {waveview 1}
wv_select_menu_item {Custom WaveView} {waveview 1:1} {MeterPopMenu.Configure...} 
wv_close_dialog {MeasurementTool} 
wv_select_window {Custom WaveView} 
wv_press_tool_button {Custom WaveView} {} {UpdateWave0} 
wv_select_dialog {ReloadFiles} 
wv_press_button {ReloadFiles} {} {Yes} 
wv_select_waveview 1 {waveview 1}
wv_waveview_context_menu WV1.MEAS1
wv_select_waveview 1 {waveview 1}
wv_select_menu_item {Custom WaveView} {waveview 1:1} {MeterPopMenu.Configure...} 
wv_set_text {MeasurementTool} {} {AtValue} "1.6694"
wv_press_button {MeasurementTool} {} {Ok} 
wv_select_window {Custom WaveView} 
wv_select_waveview 1 {waveview 1}
wv_waveview_context_menu WV1.MEAS1
wv_select_waveview 1 {waveview 1}
wv_waveview_context_menu WV1.PANEL1:1 0.857024 1.31383
wv_press_tool_button {Custom WaveView} {} {WaveformMeasurementTool0} 
wv_select_window {Custom WaveView} 
wv_select_dialog {MeasurementTool} 
wv_set_text {MeasurementTool} {} {XAtValue} "1.0438"
wv_set_check {MeasurementTool} {} {LockedLevel} 0
wv_press_button {MeasurementTool} {} {Ok} 
wv_select_window {Custom WaveView} 
wv_select_waveview 1 {waveview 1}
wv_select_wv_item WV1.MEAS2
wv_drag_item_to WV1 672 264
wv_move_wv_item WV1.MEAS2 985 583
wv_select_waveview 1 {waveview 1}
wv_select_wv_item WV1.MEAS2
wv_drag_item_to WV1 1054 626
wv_move_wv_item WV1.MEAS2 1039 629
wv_press_tool_button {Custom WaveView} {} {WaveformMeasurementTool0} 
wv_select_tree_item {MeasurementTool} {} {TypeList} {General.Difference} {0} {+sep=.}
wv_resize_window {MeasurementTool} 672 610
wv_move_window {MeasurementTool} {} 655 398
wv_move_window {MeasurementTool} {} 598 365
wv_set_text {MeasurementTool} {} {AtValue} ""
wv_set_check {MeasurementTool} {} {LockedLevel} 0
wv_set_check {MeasurementTool} {} {XLockedLevel} 1
wv_set_text {MeasurementTool} {} {XAtValue} "742m"
wv_set_check {MeasurementTool} {} {IndepP2LockLevel} 0
wv_set_check {MeasurementTool} {} {XLockedLevelRef} 1
wv_set_text {MeasurementTool} {} {XAtValueRef} "1.04"
wv_press_button {MeasurementTool} {} {Ok} 
wv_select_window {Custom WaveView} 
wv_select_waveview 1 {waveview 1}
wv_release_wv_item WV1 703 269
wv_select_panel WV1.PANEL1:1 0.717509 1.21897
wv_select_waveview 1 {waveview 1}
wv_select_wv_item WV1.MEAS3
wv_drag_item_to WV1 964 420
wv_move_wv_item WV1.MEAS3 557 274
wv_select_waveview 1 {waveview 1}
wv_select_panel WV1.PANEL1:1 0.741176 1.65534
wv_drag_item_to WV1 724 85
wv_select_waveview 1 {waveview 1}
wv_select_wv_item WV1.MEAS3
wv_drag_item_to WV1 681 298
wv_move_wv_item WV1.MEAS3 574 282
wv_select_waveview 1 {waveview 1}
wv_select_wv_item WV1.MEAS3
wv_drag_item_to WV1 874 290
wv_move_wv_item WV1.MEAS3 979 255
wv_select_waveview 1 {waveview 1}
wv_select_wv_item WV1.MEAS3
wv_drag_item_to WV1 1036 271
wv_move_wv_item WV1.MEAS3 943 470
wv_select_waveview 1 {waveview 1}
wv_waveview_context_menu WV1.MEAS3
wv_select_waveview 1 {waveview 1}
wv_select_menu_item {Custom WaveView} {waveview 1:1} {MeterPopMenu.Delete Measurement} 
wv_select_window {Custom WaveView} 
wv_close_window {Custom WaveView} 
wv_select_dialog {Confirmation} 
#wv_press_button {Confirmation} {} {Ok} 
#*WARNING* Can not remove '/home/u108/u108061217/.cx_hostport/.cx_hostport_ws35_14160'.
