 ****** PrimeSim HSPICE -- R-2020.12-SP2 linux64 (May 24 2021 7074677) ******
  Copyright (c) 1986 - 2021 by Synopsys, Inc. All Rights Reserved.
  This software and the associated documentation are proprietary
  to Synopsys, Inc. This software may only be used in accordance
  with the terms and conditions of a written license agreement with
  Synopsys, Inc. All other use, reproduction, or distribution of
  this software is strictly prohibited.
  Input File: hw2_part2_2.sp                                                    
  Command line options: /usr/cadtool/cad/synopsys/hspice/2020.12-sp2/hspice/linux64/hspice -i hw2_part2_2.sp -o hw2_part2_2.lis
  Start time: Sun Nov 14 20:26:31 2021
 lic:  
 lic: FLEXlm: SDK_12.9.5 
 lic: USER:   u108061217           HOSTNAME: ws35 
 lic: HOSTID: "e41f136676d0"       PID:      8635 
 lic: Using FLEXlm license file: 
 lic: 26585@lsntu 
 lic: Checkout 1 hspice 
 lic: License/Maintenance for hspice will expire on 14-may-2022/2020.03 
 lic: 101(in_use)/190(total) FLOATING license(s) on SERVER 26585@lsntu 
 lic:   
  **warning** (hw2_part2_2.spi:18) Parameter name is not defined in .param. Please enter parameter variable with their respective value/expression.
  **warning** option measfile is disabled due to no .alter in the netlist
1****** PrimeSim HSPICE -- R-2020.12-SP2 linux64 (May 24 2021 7074677) ******
 ******  
 *title

 ****** circuit name directory
 circuit number to circuit name directory
   number circuitname                     definition         multiplier
        0 main circuit
        1 x1.                             hw2_part2_2        1.00 
  **warning** (hw2_part2_2.sp:18) Both nodes of element v2 are connected together; Line ignored.
  **info** (hw2_part2_2.sp:11) DC voltage reset to initial transient source value in source 0:vvin. new dc=0.0000D+00
 

  
      
 **info** set option symb=1 internally to help for convergence.
 *****************************************************************
 ******  option summary
 ******
 runlvl  = 3         bypass  = 2.0000    
  Opening plot unit= 15
 file=hw2_part2_2.pa0

 **info** dc convergence successful at Newton-Raphson method 
 ******  
 *title

 ****** operating point information tnom=  25.000 temp=  25.000 ******
 ****** operating point status is voltage   simulation time is     0.     
    node    =voltage      node    =voltage      node    =voltage

 +0:out1    =   1.8000  0:out2    =   1.8000  0:out3    =   1.8000 
 +0:vdd     =   1.8000  0:vin     =   0.      1:net0106 =   1.8000 
 +1:net0210 =   1.8000  1:net0321 =   1.8000  1:net0322 =   3.0196n
 +1:net0323 =  15.4927n 1:net046  =   3.0196n 1:net050  =   1.8000 
 +1:net054  =   3.0196n 1:net058  =   1.8000  1:net062  =  15.4927n
 +1:net070  =  15.4927n 1:net074  =   1.8000  1:net082  =  15.4927n
 +1:net090  =  15.4927n 1:net094  =  15.4927n 1:net098  =   1.8000 


 maximum nodal capacitance=   1.027E-11         on node     0:out2            

    nodal  capacitance table 

    node    =    cap      node    =    cap      node    =    cap

 +0:out1    =  10.2652p 0:out2    =  10.2652p 0:out3    =  10.2652p
 +0:vdd     =   1.6182p 0:vin     =   4.7128f 1:net0106 =   9.6166f
 +1:net0210 = 287.9310f 1:net0321 =  44.1745f 1:net0322 = 260.4192f
 +1:net0323 =   8.2950f 1:net046  = 260.4192f 1:net050  =  46.4701f
 +1:net054  = 260.4192f 1:net058  =   9.6166f 1:net062  =  10.5794f
 +1:net070  = 229.2608f 1:net074  =  44.1745f 1:net082  =   8.2950f
 +1:net090  =   8.2950f 1:net094  =   8.2950f 1:net098  =   9.6166f

 
 ******
 *title

 ****** transient analysis tnom=  25.000 temp=  25.000 ******
 delaytimelh= 774.6946p  targ=   1.2747n   trig= 500.0000p
 delaytimehl=   1.2473n  targ=   6.7473n   trig=   5.5000n
 delay1=   1.0110n
 delaytimelh2=   1.0209n  targ=   1.5209n   trig= 500.0000p
 delaytimehl2=   1.2543n  targ=   6.7543n   trig=   5.5000n
 delay2=   1.1376n
 delaytimelh3=   1.1572n  targ=   1.6572n   trig= 500.0000p
 delaytimehl3=   1.3907n  targ=   6.8907n   trig=   5.5000n
 delay3=   1.2740n

          ***** job concluded
 ******  
 *title

 ****** job statistics summary tnom=  25.000 temp=  25.000 ******
  
 ******  Machine Information  ******
 CPU:
 model name	: Intel(R) Xeon(R) CPU           E5530  @ 2.40GHz
 cpu MHz	: 1596.000
 CPU(s)		: 16
  
 OS:
 Linux version 3.10.0-1160.36.2.el7.x86_64 (mockbuild@kbuilder.bsys.centos.org) (gcc version 4.8.5 20150623 (Red Hat 4.8.5-44) (GCC) ) #1 SMP Wed Jul 21 11:57:15 UTC 2021

 System loadavg : 1.22 1.25 1.32 6/860 8647


  ******  PrimeSim HSPICE Threads Information  ******

  Command Line Threads Count :     1
  Available CPU Count        :    16
  Actual Threads Count       :     1


  ****** Statistics of Ignored Elements ******
  Voltage Sources :       1

  ******  Circuit Statistics  ******
  # nodes       =      98 # elements   =      43
  # resistors   =       0 # capacitors =       3 # inductors   =       0
  # mutual_inds =       0 # vccs       =       0 # vcvs        =       0
  # cccs        =       0 # ccvs       =       0 # volt_srcs   =       2
  # curr_srcs   =       0 # diodes     =       0 # bjts        =       0
  # jfets       =       0 # mosfets    =      38 # U elements  =       0
  # T elements  =       0 # W elements =       0 # B elements  =       0
  # S elements  =       0 # P elements =       0 # va device   =       0
  # vector_srcs =       0 # N elements =       0


  ******  Runtime Statistics (seconds)  ******

  analysis           time    # points   tot. iter  conv.iter
  op point           0.00           1           4
  transient          0.14       30001        1326         492 rev=        10
  readin             0.02
  errchk             0.01
  setup              0.00
  output             0.00


           peak memory used        471.88 megabytes
           total cpu time            0.19 seconds
           total elapsed time        1.10 seconds
           job started at     20:26:31 11/14/2021
           job ended   at     20:26:32 11/14/2021
           job total runtime         1.10 seconds


 lic: Release hspice token(s) 
 lic: total license checkout elapse time:        0.91(s)
