### Custom WaveView ADV log file, revision N-2017.12 (build Nov 23, ) ###
### created at 19:49:41 on Mon Nov 29 2021 (Linux AMD64) ###
### Host Name: ws35   User ID: u108061217   PID: 17810   ###
wv_start_log
# (0) running in waveview only mode
# (0) SW_SX_PERL_LIB defined
# (0) SW_SX_TCL_LIB defined
# (0) HOME defined
wv_move_window {Custom WaveView} {} 62 19
wv_resize_window {Custom WaveView} 800 586
wv_move_window {Custom WaveView} {} 112 69
wv_select_window {Custom WaveView} 
wv_move_window {Custom WaveView} {} 62 19
wv_select_window {Custom WaveView} 
wv_select_tab {Custom WaveView} {} {RBMenu} {Bar.File}
wv_press_tool_button {Custom WaveView} {} {OpenWaveform0} 
wv_move_window {FileDialog} {} 792 208
wv_select_dialog {FileDialog} 
wv_select_list_item {FileDialog} {} {FileList} {hw3_part1.tr0} 13
wv_press_button {FileDialog} {} {Ok} 
wv_expand_tree_item {Custom WaveView} {} {hierview} {D0:hw3_part1.tr0(0)} {+sep=@}
wv_select_tree_item {Custom WaveView} {} {hierview} {D0:hw3_part1.tr0(0)@toplevel(0)} {0} {+sep=@}
wv_expand_tree_item {Custom WaveView} {} {hierview} {D0:hw3_part1.tr0(0)@toplevel(0)} {+sep=@}
wv_select_list_item {Custom WaveView} {} {sigview} {v(clk)} 5
wv_dclick_list_item {Custom WaveView} {} {sigview} {v(clk)} 5
wv_select_list_item {Custom WaveView} {} {sigview} {v(q)} 6
wv_dclick_list_item {Custom WaveView} {} {sigview} {v(q)} 6
wv_select_list_item {Custom WaveView} {} {sigview} {v(qb)} 7
wv_dclick_list_item {Custom WaveView} {} {sigview} {v(qb)} 7
wv_select_list_item {Custom WaveView} {} {sigview} {v(r)} 8
wv_dclick_list_item {Custom WaveView} {} {sigview} {v(r)} 8
wv_select_list_item {Custom WaveView} {} {sigview} {v(s)} 9
wv_dclick_list_item {Custom WaveView} {} {sigview} {v(s)} 9
wv_select_list_item {Custom WaveView} {} {sigview} {v(vdd)} 10
wv_dclick_list_item {Custom WaveView} {} {sigview} {v(vdd)} 10
wv_select_window {Custom WaveView} 
wv_press_tool_button {Custom WaveView} {} {UpdateWave0} 
wv_select_dialog {ReloadFiles} 
wv_press_button {ReloadFiles} {} {Yes} 
wv_select_window {Custom WaveView} 
wv_close_window {Custom WaveView} 
wv_select_dialog {Confirmation} 
#wv_press_button {Confirmation} {} {Ok} 
#*WARNING* Can not remove '/home/u108/u108061217/.cx_hostport/.cx_hostport_ws35_17810'.
