### Custom WaveView ADV log file, revision N-2017.12 (build Nov 23, ) ###
### created at 23:40:23 on Wed Nov 24 2021 (Linux AMD64) ###
### Host Name: ws35   User ID: u108061217   PID: 17843   ###
wv_start_log
# (0) running in waveview only mode
# (0) SW_SX_PERL_LIB defined
# (0) SW_SX_TCL_LIB defined
# (0) HOME defined
wv_resize_window {Custom WaveView} 800 586
wv_move_window {Custom WaveView} {} 100 57
wv_resize_window {Custom WaveView} 800 400
wv_select_window {Custom WaveView} 
wv_move_window {Custom WaveView} {} 62 19
wv_press_tool_button {Custom WaveView} {} {OpenWaveform0} 
wv_move_window {FileDialog} {} 792 208
wv_select_dialog {FileDialog} 
wv_select_list_item {FileDialog} {} {FileList} {part1} 2
wv_dclick_list_item {FileDialog} {} {FileList} {part1} 2
wv_move_scrollbar {FileDialog} {} {FileList.HScrollBar} {246}
wv_select_list_item {FileDialog} {} {FileList} {hw3_part1.tr0} 12
wv_dclick_list_item {FileDialog} {} {FileList} {hw3_part1.tr0} 12
wv_expand_tree_item {Custom WaveView} {} {hierview} {D0:hw3_part1.tr0(0)} {+sep=@}
wv_select_tree_item {Custom WaveView} {} {hierview} {D0:hw3_part1.tr0(0)@toplevel(0)} {0} {+sep=@}
wv_select_list_item {Custom WaveView} {} {sigview} {v(q)} 6
wv_dclick_list_item {Custom WaveView} {} {sigview} {v(q)} 6
wv_select_list_item {Custom WaveView} {} {sigview} {v(qb)} 7
wv_dclick_list_item {Custom WaveView} {} {sigview} {v(qb)} 7
wv_select_list_item {Custom WaveView} {} {sigview} {v(r)} 8
wv_dclick_list_item {Custom WaveView} {} {sigview} {v(r)} 8
wv_select_list_item {Custom WaveView} {} {sigview} {v(s)} 9
wv_dclick_list_item {Custom WaveView} {} {sigview} {v(s)} 9
wv_select_waveview 1 {waveview 1}
wv_waveview_context_menu WV1.PANEL1:1.XAXIS1
wv_select_waveview 1 {waveview 1}
wv_select_menu_item {Custom WaveView} {waveview 1:1} {XAxisPopMenu.Attributes...} 
wv_move_window {AxisAttributesDialog} {} 789 263
wv_move_window {AxisAttributesDialog} {} 798 322
wv_select_dialog {AxisAttributesDialog} 
wv_set_text {AxisAttributesDialog} {} {ZoomFrom} "4n"
wv_set_text {AxisAttributesDialog} {} {ZoomTo} "  6n"
wv_press_button {AxisAttributesDialog} {} {Apply} 
wv_close_dialog {AxisAttributesDialog} 
wv_select_window {Custom WaveView} 
wv_select_list_item {Custom WaveView} {} {sigview} {v(clk)} 5
wv_dclick_list_item {Custom WaveView} {} {sigview} {v(clk)} 5
wv_close_window {Custom WaveView} 
wv_select_dialog {Confirmation} 
#wv_press_button {Confirmation} {} {Ok} 
#*WARNING* Can not remove '/home/u108/u108061217/.cx_hostport/.cx_hostport_ws35_17843'.
#*WARNING* Can not remove '/home/u108/u108061217/.cx_hostport/.cx_hostport_ws35_17843'.
