 ****** PrimeSim HSPICE -- R-2020.12-SP2 linux64 (May 24 2021 7074677) ******
  Copyright (c) 1986 - 2021 by Synopsys, Inc. All Rights Reserved.
  This software and the associated documentation are proprietary
  to Synopsys, Inc. This software may only be used in accordance
  with the terms and conditions of a written license agreement with
  Synopsys, Inc. All other use, reproduction, or distribution of
  this software is strictly prohibited.
  Input File: part1_2.sp                                                        
  Command line options: /usr/cadtool/cad/synopsys/hspice/2020.12-sp2/hspice/linux64/hspice -i part1_2.sp -o part1_2.lis
  Start time: Fri Nov  5 14:56:52 2021
 lic:  
 lic: FLEXlm: SDK_12.9.5 
 lic: USER:   u108061217           HOSTNAME: ws35 
 lic: HOSTID: "e41f136676d0"       PID:      7723 
 lic: Using FLEXlm license file: 
 lic: 26585@lsntu 
 lic: Checkout 1 hspice 
 lic: License/Maintenance for hspice will expire on 14-may-2022/2020.03 
 lic: 144(in_use)/190(total) FLOATING license(s) on SERVER 26585@lsntu 
 lic:   
  **warning** (hw2_part1_2.spi:18) Parameter name is not defined in .param. Please enter parameter variable with their respective value/expression.
  **warning** option measfile is disabled due to no .alter in the netlist
1****** PrimeSim HSPICE -- R-2020.12-SP2 linux64 (May 24 2021 7074677) ******
 ******  
 *title

 ****** circuit name directory
 circuit number to circuit name directory
   number circuitname                     definition         multiplier
        0 main circuit
        1 x1.                             hw2_part1_2        1.00 
  **warning** (part1_2.sp:16) Both nodes of element v2 are connected together; Line ignored.
  **info** (part1_2.sp:11) DC voltage reset to initial transient source value in source 0:vvin. new dc=0.0000D+00
 

  
      
 **info** set option symb=1 internally to help for convergence.
 *****************************************************************
 ******  option summary
 ******
 runlvl  = 3         bypass  = 2.0000    
  Opening plot unit= 15
 file=part1_2.pa0

 **info** dc convergence successful at Newton-Raphson method 
 ******  
 *title

 ****** operating point information tnom=  25.000 temp=  25.000 ******
 ****** operating point status is voltage   simulation time is     0.     
    node    =voltage      node    =voltage      node    =voltage

 +0:ina     =   0.      0:inb     =   1.8000  0:inc     =   0.     
 +0:vdd     =   1.8000  0:vout    =   1.8000  1:net21   =   1.8000 
 +1:net5    =   4.5842n

 ******
 *title

 ****** transient analysis tnom=  25.000 temp=  25.000 ******
 delaytimehl= 138.5987p  targ=  20.6386n   trig=  20.5000n
 delaytimelh= 133.3477p  targ=  25.6333n   trig=  25.5000n

          ***** job concluded
 ******  
 *title

 ****** job statistics summary tnom=  25.000 temp=  25.000 ******
  
 ******  Machine Information  ******
 CPU:
 model name	: Intel(R) Xeon(R) CPU           E5530  @ 2.40GHz
 cpu MHz	: 1596.000
 CPU(s)		: 16
  
 OS:
 Linux version 3.10.0-1160.36.2.el7.x86_64 (mockbuild@kbuilder.bsys.centos.org) (gcc version 4.8.5 20150623 (Red Hat 4.8.5-44) (GCC) ) #1 SMP Wed Jul 21 11:57:15 UTC 2021

 System loadavg : 0.31 0.34 0.27 4/723 7726


  ******  PrimeSim HSPICE Threads Information  ******

  Command Line Threads Count :     1
  Available CPU Count        :    16
  Actual Threads Count       :     1


  ****** Statistics of Ignored Elements ******
  Voltage Sources :       1

  ******  Circuit Statistics  ******
  # nodes       =      20 # elements   =      11
  # resistors   =       0 # capacitors =       1 # inductors   =       0
  # mutual_inds =       0 # vccs       =       0 # vcvs        =       0
  # cccs        =       0 # ccvs       =       0 # volt_srcs   =       4
  # curr_srcs   =       0 # diodes     =       0 # bjts        =       0
  # jfets       =       0 # mosfets    =       6 # U elements  =       0
  # T elements  =       0 # W elements =       0 # B elements  =       0
  # S elements  =       0 # P elements =       0 # va device   =       0
  # vector_srcs =       0 # N elements =       0


  ******  Runtime Statistics (seconds)  ******

  analysis           time    # points   tot. iter  conv.iter
  op point           0.01           1           4
  transient          0.03       30001         462         194 rev=        13
  readin             0.03
  errchk             0.01
  setup              0.00
  output             0.00


           peak memory used        470.86 megabytes
           total cpu time            0.07 seconds
           total elapsed time        0.66 seconds
           job started at     14:56:52 11/05/2021
           job ended   at     14:56:52 11/05/2021
           job total runtime         0.66 seconds


 lic: Release hspice token(s) 
 lic: total license checkout elapse time:        0.58(s)
