 ****** PrimeSim HSPICE -- R-2020.12-SP2 linux64 (May 24 2021 7074677) ******
  Copyright (c) 1986 - 2022 by Synopsys, Inc. All Rights Reserved.
  This software and the associated documentation are proprietary
  to Synopsys, Inc. This software may only be used in accordance
  with the terms and conditions of a written license agreement with
  Synopsys, Inc. All other use, reproduction, or distribution of
  this software is strictly prohibited.
  Input File: lab7.sp                                                           
  Command line options: /usr/cadtool/cad/synopsys/hspice/2020.12-sp2/hspice/linux64/hspice -i lab7.sp -o lab7.lis
  Start time: Tue Jan 11 21:09:04 2022
 lic:  
 lic: FLEXlm: SDK_12.9.5 
 lic: USER:   u108061217           HOSTNAME: ws35 
 lic: HOSTID: "e41f136676d0"       PID:      20863 
 lic: Using FLEXlm license file: 
 lic: 26585@lsntu 
 lic: Checkout 1 hspice 
 lic: License/Maintenance for hspice will expire on 14-may-2022/2021.09 
 lic: 90(in_use)/190(total) FLOATING license(s) on SERVER 26585@lsntu 
 lic:   
1****** PrimeSim HSPICE -- R-2020.12-SP2 linux64 (May 24 2021 7074677) ******
 ******  
 $lab7

 ****** mos   model parameters tnom=  25.000 temp=  25.000 ******
 ***************************************************************************
 *** common model parameters  model name:   0:n_mos    model type:nmos   ***
 ***************************************************************************
     names  values   units     names  values   units     names  values   units
     -----  ------   -----     -----  ------   -----     -----  ------   -----

   1*** geometry parameters ***
       ld=   0.    meters      lmlt=   1.00                wd=   0.    meters 
     wmlt=   1.00                xl=   0.    meters        xw=   0.    meters 
     lref=   0.    meters      wref=   0.    meters      lref=   0.    meters 
     wref=   0.    meters     xlref=   0.    meters     xwref=   0.    meters 
     lmin=   0.    meters      wmin=   0.    meters      lmax=   0.    meters 
     wmax=   0.    meters 

   2*** threshold voltage parameters ***
      vto=   1.11  volts        nss=   0.    1/cm**2      tpg=   1.00         
      phi= 579.84m volts      gamma= 527.63m v**0.5      bulk=  gnd           
    ngate=   0.    cm**3       nsub= 1.0e+15 1/cm**3   delvto=   0.    volts  

   3*** gate overlap capacitance parameters ***
     cgbo=   0.    f/meter     cgdo= 100.00f f/meter     cgso= 100.00f f/meter
     meto=   0.    meters 

   4*** gate capacitance parameters ***
    capop=   2.00               cf1=   0.    volts        cf2= 100.00m volts  
      cf3=   1.00  volts        cf4=  50.00               cf5= 666.67m        
      cf6= 500.00               xqc= 500.00m              tox= 100.00n meters 
      cox= 345.31u f/m**2 

   5*** diffusion parasitic parameters ***
      acm=   0.                  is=  10.00f amps          js=   0.    a/m**2 
      jsw=   0.    amp/m        nds=   1.00               cbd=   2.00p farad  
      cbs=   2.00p farad         cj=   0.    f/m**2      cjsw=   0.    f/m    
   cjgate=   0.    f/m           mj= 500.00m             mjsw= 330.00m        
       pb= 800.00m volts        php= 800.00m volts         tt=   0.    secs   
     hdif=   0.    meters      ldif=   0.    meters        rd=   0.    ohms   
       rs=   0.    ohms         rsh=   0.    ohms/sq       fc=   0.           
    alpha=   0.                 vcr=   0.    volts      iirat=   0.           
      rdc=   0.    ohms         rsc=   0.    ohms           n=   1.00         
     vnds=  -1.00  volts  

   6*** temperature effect parameters ***
     tlev=   0.               tlevc=   0.                  eg=   1.11  ev     
     gap1= 702.00u ev/deg      gap2=   1.11k deg          xti=   0.           
      bex=  -1.50               tcv=   0.    v/deg k      trd=   0.    /deg   
      trs=   0.    /deg         cta=   0.    /deg         ctp=   0.    /deg   

   7*** noise parameters ***
       kf=   0.                  af=   1.00              nlev=   2.00         
   gdsnoi=   1.00         

   ***  level  1  model parameters  ***

   lambda=   6.20m /v            kp= 239.87u a/v**2 
  **info** (lab7.sp:20) DC voltage reset to initial transient source value in source 0:vin1. new dc=0.0000D+00
  
      
 *****************************************************************
 ******  option summary
 ******
 runlvl  = 3         bypass  = 2.0000    
 **info** dc convergence successful at Newton-Raphson method 
 ******  
 $lab7

 ****** operating point information tnom=  25.000 temp=  25.000 ******
 ****** operating point status is voltage   simulation time is     0.     
    node    =voltage      node    =voltage      node    =voltage

 +0:d1      =   5.0000  0:d2      =   1.5472  0:g1      =   2.0000 
 +0:vgg     =   2.0000  0:vin     =   0.     

 ******
 $lab7

 ****** transient analysis tnom=  25.000 temp=  25.000 ******
 vgs=   2.0000   from=   0.             to=   1.0000m
 id= 287.7512u  from=   0.             to=   1.0000m
 vds=   1.5470   from=   0.             to=   1.0000m

          ***** job concluded
 ******  
 $lab7

 ****** job statistics summary tnom=  25.000 temp=  25.000 ******
  
 ******  Machine Information  ******
 CPU:
 model name	: Intel(R) Xeon(R) CPU           E5530  @ 2.40GHz
 cpu MHz	: 2394.000
 CPU(s)		: 16
  
 OS:
 Linux version 3.10.0-1160.36.2.el7.x86_64 (mockbuild@kbuilder.bsys.centos.org) (gcc version 4.8.5 20150623 (Red Hat 4.8.5-44) (GCC) ) #1 SMP Wed Jul 21 11:57:15 UTC 2021

 System loadavg : 1.29 1.27 1.24 5/842 20866


  ******  PrimeSim HSPICE Threads Information  ******

  Command Line Threads Count :     1
  Available CPU Count        :    16
  Actual Threads Count       :     1


  ******  Circuit Statistics  ******
  # nodes       =       6 # elements   =       7
  # resistors   =       2 # capacitors =       1 # inductors   =       0
  # mutual_inds =       0 # vccs       =       0 # vcvs        =       0
  # cccs        =       0 # ccvs       =       0 # volt_srcs   =       3
  # curr_srcs   =       0 # diodes     =       0 # bjts        =       0
  # jfets       =       0 # mosfets    =       1 # U elements  =       0
  # T elements  =       0 # W elements =       0 # B elements  =       0
  # S elements  =       0 # P elements =       0 # va device   =       0
  # vector_srcs =       0 # N elements =       0


  ******  Runtime Statistics (seconds)  ******

  analysis           time    # points   tot. iter  conv.iter
  op point           0.01           1           5
  transient          0.01        1001         328         164 rev=         0
  readin             0.01
  errchk             0.00
  setup              0.00
  output             0.00


           peak memory used        470.84 megabytes
           total cpu time            0.03 seconds
           total elapsed time        0.40 seconds
           job started at     21:09:04 01/11/2022
           job ended   at     21:09:04 01/11/2022
           job total runtime         0.40 seconds


 lic: Release hspice token(s) 
 lic: total license checkout elapse time:        0.36(s)
