### Custom WaveView ADV log file, revision N-2017.12 (build Nov 23, ) ###
### created at 23:48:05 on Fri Nov 12 2021 (Linux AMD64) ###
### Host Name: ws35   User ID: u108061217   PID: 16086   ###
wv_start_log
# (0) running in waveview only mode
# (0) SW_SX_PERL_LIB defined
# (0) SW_SX_TCL_LIB defined
# (0) HOME defined
wv_move_window {Custom WaveView} {} 100 57
wv_select_window {Custom WaveView} 
wv_resize_window {Custom WaveView} 800 586
wv_move_window {Custom WaveView} {} 62 19
wv_press_tool_button {Custom WaveView} {} {OpenWaveform0} 
wv_move_scrollbar {FileDialog} {} {FileList.HScrollBar} {109}
wv_move_scrollbar {FileDialog} {} {FileList.HScrollBar} {124}
wv_select_list_item {FileDialog} {} {FileList} {hw2_part2_1.tr0} 14
wv_select_list_item {FileDialog} {} {FileList} {hw2_part2_1.tr0} 14
wv_dclick_list_item {FileDialog} {} {FileList} {hw2_part2_1.tr0} 14
wv_press_tool_button {Custom WaveView} {} {OpenWaveformFile0} 
wv_select_dialog {FileDialog} 
wv_move_scrollbar {FileDialog} {} {FileList.HScrollBar} {352}
wv_select_list_item {FileDialog} {} {FileList} {hw2_part2_1_pex.tr0} 16
wv_dclick_list_item {FileDialog} {} {FileList} {hw2_part2_1_pex.tr0} 16
wv_select_tree_item {Custom WaveView} {} {hierview} {D0:hw2_part2_1.tr0(0)} {0} {+sep=@}
wv_expand_tree_item {Custom WaveView} {} {hierview} {D0:hw2_part2_1.tr0(0)} {+sep=@}
wv_select_tree_item {Custom WaveView} {} {hierview} {D0:hw2_part2_1.tr0(0)@toplevel(0)} {0} {+sep=@}
wv_select_list_item {Custom WaveView} {} {sigview} {v(out5)} 7
wv_select_list_item {Custom WaveView} {} {sigview} {v(out5)} 7
wv_select_waveview 1 {waveview 1}
wv_release_wv_item WV1 367 518
wv_select_window {Custom WaveView} 
wv_select_list_item {Custom WaveView} {} {sigview} {v(out5)} 7
wv_select_list_item {Custom WaveView} {} {sigview} {v(out5)} 7
wv_dclick_list_item {Custom WaveView} {} {sigview} {v(out5)} 7
wv_select_waveview 1 {waveview 1}
wv_waveview_context_menu WV1.PANEL1:1.XAXIS1
wv_select_waveview 1 {waveview 1}
wv_select_menu_item {Custom WaveView} {waveview 1:1} {XAxisPopMenu.Attributes...} 
wv_move_window {AxisAttributesDialog} {} 798 322
wv_select_dialog {AxisAttributesDialog} 
wv_set_text {AxisAttributesDialog} {} {ZoomTo} "  10n"
wv_press_button {AxisAttributesDialog} {} {Apply} 
wv_close_dialog {AxisAttributesDialog} 
wv_select_window {Custom WaveView} 
wv_select_tree_item {Custom WaveView} {} {hierview} {D0:hw2_part2_1_pex.tr0(1)} {0} {+sep=@}
wv_expand_tree_item {Custom WaveView} {} {hierview} {D0:hw2_part2_1_pex.tr0(1)} {+sep=@}
wv_select_tree_item {Custom WaveView} {} {hierview} {D0:hw2_part2_1_pex.tr0(1)@toplevel(0)} {0} {+sep=@}
wv_expand_tree_item {Custom WaveView} {} {hierview} {D0:hw2_part2_1_pex.tr0(1)@toplevel(0)} {+sep=@}
wv_select_list_item {Custom WaveView} {} {sigview} {v(out5)} 7
wv_select_list_item {Custom WaveView} {} {sigview} {v(out5)} 7
wv_drag_list_item {Custom WaveView} {} {sigview} {v(out5)} 7
wv_drag_enter WV1
wv_drag_to WV1 93 606
wv_drop_on WV1
wv_select_waveview 1 {waveview 1}
wv_select_wv_item WV1.LEGEND.WIDTH
wv_drag_item_to WV1 82 127
wv_move_wv_item WV1.PANEL1:1.LEGEND.WIDTH 162
wv_select_waveview 1 {waveview 1}
wv_select_wv_item WV1.LEGEND.WIDTH
wv_drag_item_to WV1 160 115
wv_move_wv_item WV1.PANEL1:1.LEGEND.WIDTH 170
wv_select_waveview 1 {waveview 1}
wv_select_toolbar_item {Custom WaveView} {waveview 1:1} {Drawing Tool} 
wv_set_text {DrawToolParameters} {} {RemarkText} "post-sim(yellow)"
wv_press_button {DrawToolParameters} {} {Ok} 
wv_select_waveview 1 {waveview 1}
wv_select_wv_item WV1.TEXT1
wv_drag_item_to WV1 823 409
wv_move_wv_item WV1.TEXT1 473 409
wv_select_waveview 1 {waveview 1}
wv_select_toolbar_item {Custom WaveView} {waveview 1:1} {Drawing Tool} 
wv_set_text {DrawToolParameters} {} {RemarkText} "pre-sim(green)"
wv_press_button {DrawToolParameters} {} {Ok} 
wv_select_waveview 1 {waveview 1}
wv_select_wv_item WV1.TEXT1
wv_drag_item_to WV1 790 405
wv_move_wv_item WV1.TEXT1 435 384
wv_press_tool_button {Custom WaveView} {} {WaveformMeasurementTool0} 
wv_move_window {MeasurementTool} {} 824 225
wv_press_button {MeasurementTool} {} {Ok} 
wv_select_window {Custom WaveView} 
wv_select_waveview 1 {waveview 1}
wv_select_wv_item WV1.MEAS1
wv_drag_item_to WV1 921 418
wv_move_wv_item WV1.MEAS1 373 433
wv_select_waveview 1 {waveview 1}
wv_select_wv_item WV1.MEAS1
wv_drag_item_to WV1 424 458
wv_move_wv_item WV1.MEAS1 445 457
wv_press_tool_button {Custom WaveView} {} {WaveformMeasurementTool0} 
wv_press_button {MeasurementTool} {} {Ok} 
wv_select_window {Custom WaveView} 
wv_select_waveview 1 {waveview 1}
wv_select_wv_item WV1.MEAS2
wv_drag_item_to WV1 1014 433
wv_move_wv_item WV1.MEAS2 1154 450
wv_select_waveview 1 {waveview 1}
wv_select_wv_item WV1.MEAS2
wv_drag_item_to WV1 1185 474
wv_move_wv_item WV1.MEAS2 1079 464
wv_select_waveview 1 {waveview 1}
wv_select_wv_item WV1.MEAS2
wv_drag_item_to WV1 1113 487
wv_move_wv_item WV1.MEAS2 1048 472
wv_select_waveview 1 {waveview 1}
wv_select_wv_item WV1.MEAS2
wv_drag_item_to WV1 1131 488
wv_move_wv_item WV1.MEAS2 1155 489
wv_close_window {Custom WaveView} 
wv_select_dialog {Confirmation} 
#wv_press_button {Confirmation} {} {Ok} 
#*WARNING* Can not remove '/home/u108/u108061217/.cx_hostport/.cx_hostport_ws35_16086'.
